2023-04-08 12:21:14.115 [warning] Via 'product.json#extensionEnabledApiProposals' extension 'ms-vscode.vscode-selfhost-test-provider' wants API proposal 'testContinuousRun' but that proposal DOES NOT EXIST. Likely, the proposal has been finalized (check 'vscode.d.ts') or was abandoned.
2023-04-08 12:21:14.130 [warning] Via 'product.json#extensionEnabledApiProposals' extension 'ms-vscode.remote-repositories' wants API proposal 'contribEditorGutterMenu' but that proposal DOES NOT EXIST. Likely, the proposal has been finalized (check 'vscode.d.ts') or was abandoned.
2023-04-08 12:21:14.131 [warning] Via 'product.json#extensionEnabledApiProposals' extension 'github.vscode-pull-request-github' wants API proposal 'contribEditorGutterMenu' but that proposal DOES NOT EXIST. Likely, the proposal has been finalized (check 'vscode.d.ts') or was abandoned.
2023-04-08 12:21:14.132 [warning] Via 'product.json#extensionEnabledApiProposals' extension 'ms-toolsai.jupyter' wants API proposal 'notebookControllerKind' but that proposal DOES NOT EXIST. Likely, the proposal has been finalized (check 'vscode.d.ts') or was abandoned.
2023-04-08 12:21:17.967 [info] [perf] Render performance baseline is 39ms
2023-04-08 12:21:18.111 [error] Could not find category with ID: Intermediate: Error: Could not find category with ID: Intermediate
    at vscode-file://vscode-app/snap/code/123/usr/share/code/resources/app/out/vs/workbench/workbench.desktop.main.js:2548:53844
    at g.invoke (vscode-file://vscode-app/snap/code/123/usr/share/code/resources/app/out/vs/workbench/workbench.desktop.main.js:86:145)
    at o.deliver (vscode-file://vscode-app/snap/code/123/usr/share/code/resources/app/out/vs/workbench/workbench.desktop.main.js:86:2121)
    at l.fire (vscode-file://vscode-app/snap/code/123/usr/share/code/resources/app/out/vs/workbench/workbench.desktop.main.js:86:1729)
    at B.progressStep (vscode-file://vscode-app/snap/code/123/usr/share/code/resources/app/out/vs/workbench/workbench.desktop.main.js:1896:27216)
    at B.Z (vscode-file://vscode-app/snap/code/123/usr/share/code/resources/app/out/vs/workbench/workbench.desktop.main.js:1896:29356)
    at vscode-file://vscode-app/snap/code/123/usr/share/code/resources/app/out/vs/workbench/workbench.desktop.main.js:1896:27877
    at Array.forEach (<anonymous>)
    at B._registerWalkthrough (vscode-file://vscode-app/snap/code/123/usr/share/code/resources/app/out/vs/workbench/workbench.desktop.main.js:1896:27695)
    at vscode-file://vscode-app/snap/code/123/usr/share/code/resources/app/out/vs/workbench/workbench.desktop.main.js:1896:20592
    at Array.forEach (<anonymous>)
    at B.Q (vscode-file://vscode-app/snap/code/123/usr/share/code/resources/app/out/vs/workbench/workbench.desktop.main.js:1896:20337)
2023-04-08 12:21:18.174 [error] Could not find category with ID: Setup: Error: Could not find category with ID: Setup
    at vscode-file://vscode-app/snap/code/123/usr/share/code/resources/app/out/vs/workbench/workbench.desktop.main.js:2548:53844
    at g.invoke (vscode-file://vscode-app/snap/code/123/usr/share/code/resources/app/out/vs/workbench/workbench.desktop.main.js:86:145)
    at o.deliver (vscode-file://vscode-app/snap/code/123/usr/share/code/resources/app/out/vs/workbench/workbench.desktop.main.js:86:2121)
    at l.fire (vscode-file://vscode-app/snap/code/123/usr/share/code/resources/app/out/vs/workbench/workbench.desktop.main.js:86:1729)
    at B.progressStep (vscode-file://vscode-app/snap/code/123/usr/share/code/resources/app/out/vs/workbench/workbench.desktop.main.js:1896:27216)
    at vscode-file://vscode-app/snap/code/123/usr/share/code/resources/app/out/vs/workbench/workbench.desktop.main.js:1896:27411
    at Set.forEach (<anonymous>)
    at B.progressByEvent (vscode-file://vscode-app/snap/code/123/usr/share/code/resources/app/out/vs/workbench/workbench.desktop.main.js:1896:27395)
    at vscode-file://vscode-app/snap/code/123/usr/share/code/resources/app/out/vs/workbench/workbench.desktop.main.js:1896:22015
    at g.invoke (vscode-file://vscode-app/snap/code/123/usr/share/code/resources/app/out/vs/workbench/workbench.desktop.main.js:86:145)
    at o.deliver (vscode-file://vscode-app/snap/code/123/usr/share/code/resources/app/out/vs/workbench/workbench.desktop.main.js:86:2121)
    at l.fire (vscode-file://vscode-app/snap/code/123/usr/share/code/resources/app/out/vs/workbench/workbench.desktop.main.js:86:1729)
    at w.k (vscode-file://vscode-app/snap/code/123/usr/share/code/resources/app/out/vs/workbench/workbench.desktop.main.js:1570:13520)
    at w.executeCommand (vscode-file://vscode-app/snap/code/123/usr/share/code/resources/app/out/vs/workbench/workbench.desktop.main.js:1570:13037)
    at EventEmitter.<anonymous> (vscode-file://vscode-app/snap/code/123/usr/share/code/resources/app/out/vs/workbench/workbench.desktop.main.js:2548:89780)
    at EventEmitter.emit (node:events:526:28)
    at Object.onMessage (node:electron/js2c/renderer_init:81:803)
